
SQL*Plus: Release 11.2.0.4.0 Production on Mon Jun 27 15:06:01 2016

Copyright (c) 1982, 2013, Oracle.  All rights reserved.

Enter user-name: Enter password: 

Connected to:
Oracle Database 11g Release 11.2.0.4.0 - 64bit Production

SQL> 
Start DATE and TIME
-------------------
06-27-2016 15:06:01

SQL> 
NAME	  OPEN_MODE	       DATABASE_ROLE
--------- -------------------- ----------------
PTCBS	  READ ONLY	       PHYSICAL STANDBY

SQL> 
Max Applied Log sequence
------------------------
		   28408

SQL> Database closed.
Database dismounted.
ORACLE instance shut down.
SQL> ORACLE instance started.

Total System Global Area 1.3395E+10 bytes
Fixed Size		    2265904 bytes
Variable Size		 7616859344 bytes
Database Buffers	 5771362304 bytes
Redo Buffers		    4759552 bytes
Database mounted.
SQL> 
NAME	  OPEN_MODE	       DATABASE_ROLE
--------- -------------------- ----------------
PTCBS	  MOUNTED	       PHYSICAL STANDBY

SQL> 
Recover DATE and TI
-------------------
06-27-2016 15:06:17

SQL> Disconnected from Oracle Database 11g Release 11.2.0.4.0 - 64bit Production

SQL*Plus: Release 11.2.0.4.0 Production on Mon Jun 27 15:44:07 2016

Copyright (c) 1982, 2013, Oracle.  All rights reserved.

Enter user-name: Enter password: 

Connected to:
Oracle Database 11g Release 11.2.0.4.0 - 64bit Production

SQL> 
Start DATE and TIME
-------------------
06-27-2016 15:44:07

SQL> 
NAME	  OPEN_MODE	       DATABASE_ROLE
--------- -------------------- ----------------
PTCBS	  READ ONLY	       PHYSICAL STANDBY

SQL> 
Max Applied Log sequence
------------------------
		   28414

SQL> Database closed.
Database dismounted.
ORACLE instance shut down.
SQL> ORACLE instance started.

Total System Global Area 1.3395E+10 bytes
Fixed Size		    2265904 bytes
Variable Size		 7616859344 bytes
Database Buffers	 5771362304 bytes
Redo Buffers		    4759552 bytes
Database mounted.
SQL> 
NAME	  OPEN_MODE	       DATABASE_ROLE
--------- -------------------- ----------------
PTCBS	  MOUNTED	       PHYSICAL STANDBY

SQL> 
Recover DATE and TI
-------------------
06-27-2016 15:44:23

SQL> Disconnected from Oracle Database 11g Release 11.2.0.4.0 - 64bit Production

SQL*Plus: Release 11.2.0.4.0 Production on Mon Jun 27 15:50:15 2016

Copyright (c) 1982, 2013, Oracle.  All rights reserved.

Enter user-name: Enter password: 

Connected to:
Oracle Database 11g Release 11.2.0.4.0 - 64bit Production

SQL> 
Start DATE and TIME
-------------------
06-27-2016 15:50:15

SQL> 
NAME	  OPEN_MODE	       DATABASE_ROLE
--------- -------------------- ----------------
PTCBS	  READ ONLY	       PHYSICAL STANDBY

SQL> 
Max Applied Log sequence
------------------------
		   28414

SQL> Database closed.
Database dismounted.
ORACLE instance shut down.
SQL> ORACLE instance started.

Total System Global Area 1.3395E+10 bytes
Fixed Size		    2265904 bytes
Variable Size		 7616859344 bytes
Database Buffers	 5771362304 bytes
Redo Buffers		    4759552 bytes
Database mounted.
SQL> 
NAME	  OPEN_MODE	       DATABASE_ROLE
--------- -------------------- ----------------
PTCBS	  MOUNTED	       PHYSICAL STANDBY

SQL> 
Recover DATE and TI
-------------------
06-27-2016 15:50:31

SQL> Disconnected from Oracle Database 11g Release 11.2.0.4.0 - 64bit Production

SQL*Plus: Release 11.2.0.4.0 Production on Mon Jun 27 16:17:13 2016

Copyright (c) 1982, 2013, Oracle.  All rights reserved.

Enter user-name: Enter password: 

Connected to:
Oracle Database 11g Release 11.2.0.4.0 - 64bit Production

SQL> 
Start DATE and TIME
-------------------
06-27-2016 16:17:13

SQL> 
NAME	  OPEN_MODE	       DATABASE_ROLE
--------- -------------------- ----------------
PTCBS	  READ ONLY	       PHYSICAL STANDBY

SQL> 
Max Applied Log sequence
------------------------
		   28414

SQL> Database closed.
Database dismounted.
ORACLE instance shut down.
SQL> ORACLE instance started.

Total System Global Area 1.3395E+10 bytes
Fixed Size		    2265904 bytes
Variable Size		 7616859344 bytes
Database Buffers	 5771362304 bytes
Redo Buffers		    4759552 bytes
Database mounted.
SQL> 
NAME	  OPEN_MODE	       DATABASE_ROLE
--------- -------------------- ----------------
PTCBS	  MOUNTED	       PHYSICAL STANDBY

SQL> 
Recover DATE and TI
-------------------
06-27-2016 16:17:29

SQL> Disconnected from Oracle Database 11g Release 11.2.0.4.0 - 64bit Production
